make all --print-data-base --no-builtin-variables --no-builtin-rules --question
# GNU Make 3.81
# Copyright (C) 2006  Free Software Foundation, Inc.
# This is free software; see the source for copying conditions.
# There is NO warranty; not even for MERCHANTABILITY or FITNESS FOR A
# PARTICULAR PURPOSE.

# This program built for i386-apple-darwin11.3.0

# Make data base, printed on Sat Aug 27 15:42:56 2022

# Variables

# automatic
<D = $(patsubst %/,%,$(dir $<))
# automatic
?F = $(notdir $?)
# automatic
?D = $(patsubst %/,%,$(dir $?))
# automatic
@D = $(patsubst %/,%,$(dir $@))
# automatic
@F = $(notdir $@)
# makefile
CURDIR := /Users/humberto/Documents/HUSIS
# makefile
SHELL = /bin/sh
# environment
VSCODE_NLS_CONFIG = {"locale":"pt-br","availableLanguages":{"*":"pt-br"},"_languagePackId":"8e7a008e83c664b9876a8f72ff0490ae.pt-br","_translationsConfigFile":"/Users/humberto/Library/Application Support/Code/clp/8e7a008e83c664b9876a8f72ff0490ae.pt-br/tcf.json","_cacheRoot":"/Users/humberto/Library/Application Support/Code/clp/8e7a008e83c664b9876a8f72ff0490ae.pt-br","_resolvedLanguagePackCoreLocation":"/Users/humberto/Library/Application Support/Code/clp/8e7a008e83c664b9876a8f72ff0490ae.pt-br/6d9b74a70ca9c7733b29f0456fd8195364076dda","_corruptedFile":"/Users/humberto/Library/Application Support/Code/clp/8e7a008e83c664b9876a8f72ff0490ae.pt-br/corrupted.info","_languagePackSupport":true}
# environment
_ = /usr/bin/make
# makefile (from `Makefile', line 1)
MAKEFILE_LIST :=  Makefile
# environment
__CFBundleIdentifier = com.microsoft.VSCode
# environment
VSCODE_CWD = /
# environment
PATH = /usr/local/bin:/usr/bin:/bin:/usr/sbin:/sbin:/usr/local/share/dotnet:~/.dotnet/tools:/Library/Apple/usr/bin:/Library/Frameworks/Mono.framework/Versions/Current/Commands
# environment
ELECTRON_RUN_AS_NODE = 1
# default
.FEATURES := target-specific order-only second-expansion else-if archives jobserver check-symlink
# environment
SSH_AUTH_SOCK = /private/tmp/com.apple.launchd.uPPWbKoMKg/Listeners
# automatic
%F = $(notdir $%)
# environment
PWD = /Users/humberto/Documents/HUSIS
# environment
ORIGINAL_XDG_CURRENT_DESKTOP = undefined
# environment
VSCODE_AMD_ENTRYPOINT = vs/workbench/api/node/extensionHostProcess
# environment
HOME = /Users/humberto
# default
MAKEFILEPATH = $(shell /usr/bin/xcode-select -print-path 2>/dev/null || echo /Developer)/Makefiles
# environment
VSCODE_CODE_CACHE_PATH = /Users/humberto/Library/Application Support/Code/CachedData/6d9b74a70ca9c7733b29f0456fd8195364076dda
# environment
LOGNAME = humberto
# environment
APPLICATION_INSIGHTS_NO_DIAGNOSTIC_CHANNEL = 1
# environment
VSCODE_HANDLES_UNCAUGHT_ERRORS = true
# automatic
^D = $(patsubst %/,%,$(dir $^))
# environment
XPC_FLAGS = 0x0
# default
MAKE = $(MAKE_COMMAND)
# default
MAKECMDGOALS := all
# environment
SHLVL = 1
# default
MAKE_VERSION := 3.81
# environment
USER = humberto
# makefile
.DEFAULT_GOAL := all
# automatic
%D = $(patsubst %/,%,$(dir $%))
# default
MAKE_COMMAND := /Library/Developer/CommandLineTools/usr/bin/make
# default
.VARIABLES := 
# environment
TMPDIR = /var/folders/1q/9zdr0n2s4gvbfrmz8v20mfsh0000gn/T/
# automatic
*F = $(notdir $*)
# environment
VSCODE_IPC_HOOK = /Users/humberto/Library/Application Support/Code/1.70.1-main.sock
# environment
MallocNanoZone = 0
# makefile
MAKEFLAGS = Rrqp
# environment
MFLAGS = -Rrqp
# automatic
*D = $(patsubst %/,%,$(dir $*))
# environment
XPC_SERVICE_NAME = application.com.microsoft.VSCode.83459.83465
# automatic
+D = $(patsubst %/,%,$(dir $+))
# automatic
+F = $(notdir $+)
# environment
__CF_USER_TEXT_ENCODING = 0x1F5:0x0:0x47
# environment
COMMAND_MODE = unix2003
# default
MAKEFILES := 
# automatic
<F = $(notdir $<)
# environment
LC_ALL = C
# automatic
^F = $(notdir $^)
# default
SUFFIXES := 
# default
.INCLUDE_DIRS = /usr/local/include
# environment
MAKELEVEL := 0
# environment
LANG = C
# environment
VSCODE_PID = 566
# variable set hash-table stats:
# Load=58/1024=6%, Rehash=0, Collisions=1/84=1%

# Pattern-specific Variable Values

# No pattern-specific variable values.

# Directories

# . (device 16777225, inode 1431528): 16 files, no impossibilities.

# 16 files, no impossibilities in 1 directories.

# Implicit Rules

# No implicit rules.

# Files

all:
#  Command-line target.
#  Implicit rule search has not been done.
#  Implicit/static pattern stem: `'
#  File does not exist.
#  File has been updated.
#  Needs to be updated (-q is set).
# automatic
# @ := all
# automatic
# % := 
# automatic
# * := 
# automatic
# + := 
# automatic
# | := 
# automatic
# < := 
# automatic
# ^ := 
# automatic
# ? := 
# variable set hash-table stats:
# Load=8/32=25%, Rehash=0, Collisions=1/10=10%
#  commands to execute (from `Makefile', line 2):
	@make -C ./Codigo all
	@make imagem
	

# Not a target:
.SUFFIXES:
#  Implicit rule search has not been done.
#  Modification time never checked.
 
#  File has not been updated.

# Not a target:
Makefile:
#  Implicit rule search has been done.
#  Last modified 2022-08-25 21:54:49
#  File has been updated.
#  Successfully updated.
# variable set hash-table stats:
# Load=0/32=0%, Rehash=0, Collisions=0/0=0%

enus:
#  Implicit rule search has not been done.
#  Modification time never checked.
#  File has not been updated.
#  commands to execute (from `Makefile', line 41):
	@make all
	@qemu-system-i386 -fda enus.img
	

# Not a target:
.DEFAULT:
#  Implicit rule search has not been done.
#  Modification time never checked.
#  File has not been updated.

imagem:
#  Implicit rule search has not been done.
#  Modification time never checked.
#  File has not been updated.
#  commands to execute (from `Makefile', line 6):
	@echo " -= Gerar imagem inicializavel =-"
	@Ferramentas/minixfs mkfs ./ptbr.img -s 1440 -i 256 -n 30 -1
	@cp ptbr.img enus.img
	@Ferramentas/minixfs add ./ptbr.img Temp/HUSISPtBr HUSIS
	@Ferramentas/minixfs add ./enus.img Temp/HUSISEnUs HUSIS
	@Ferramentas/minixfs mkdir ./ptbr.img Sistema
	@Ferramentas/minixfs mkdir ./enus.img System
	@Ferramentas/minixfs add ./ptbr.img ConfigPtBr.cfg Sistema/Config.cfg
	@Ferramentas/minixfs add ./enus.img ConfigEnUs.cfg System/Config.cfg
	@Ferramentas/minixfs mkdir ./ptbr.img Sistema/Extensoes
	@Ferramentas/minixfs mkdir ./enus.img System/Extensions
	@Ferramentas/minixfs add ./ptbr.img Temp/Interface Sistema/Extensoes/Interface
	@Ferramentas/minixfs add ./enus.img Temp/Interface System/Extensions/Interface
	@Ferramentas/minixfs add ./ptbr.img Temp/Serial Sistema/Extensoes/Serial
	@Ferramentas/minixfs add ./enus.img Temp/Serial System/Extensions/Serial
	@Ferramentas/minixfs add ./ptbr.img Temp/PS2 Sistema/Extensoes/PS2
	@Ferramentas/minixfs add ./enus.img Temp/PS2 System/Extensions/PS2
	@Ferramentas/minixfs add ./ptbr.img Temp/Video Sistema/Extensoes/Video
	@Ferramentas/minixfs add ./enus.img Temp/Video System/Extensions/Video
	@Ferramentas/minixfs add ./ptbr.img Temp/CGA Sistema/Extensoes/CGA
	@Ferramentas/minixfs add ./enus.img Temp/CGA System/Extensions/CGA
	@Ferramentas/minixfs mkdir ./ptbr.img Programas
	@Ferramentas/minixfs mkdir ./enus.img Programs
	@Ferramentas/minixfs add ./ptbr.img Temp/ArquivosPtBr Programas/Arquivos
	@Ferramentas/minixfs add ./enus.img Temp/ArquivosEnUs Programs/Files
	@dd if=Temp/Inicial of=ptbr.img conv=notrunc
	@dd if=Temp/Inicial of=enus.img conv=notrunc
	@echo " -= Imagens geradas =-"
	@ls -l ptbr.img
	@ls -l Temp/*
	

ptbr:
#  Implicit rule search has not been done.
#  Modification time never checked.
#  File has not been updated.
#  commands to execute (from `Makefile', line 38):
	@make all
	@qemu-system-i386 -fda ptbr.img
	

# files hash-table stats:
# Load=7/1024=1%, Rehash=0, Collisions=0/21=0%
# VPATH Search Paths

# No `vpath' search paths.

# No general (`VPATH' variable) search path.

# # of strings in strcache: 1
# # of strcache buffers: 1
# strcache size: total = 4096 / max = 4096 / min = 4096 / avg = 4096
# strcache free: total = 4087 / max = 4087 / min = 4087 / avg = 4087

# Finished Make data base on Sat Aug 27 15:42:56 2022

 
